<?xml version="1.0" encoding="UTF-8"?>
<testng-results skipped="0" failed="0" ignored="0" total="1" passed="1">
  <reporter-output>
  </reporter-output>
  <suite name="Default suite" duration-ms="33400" started-at="2018-12-25T18:21:08Z" finished-at="2018-12-25T18:21:41Z">
    <groups>
    </groups>
    <test name="Default test" duration-ms="33400" started-at="2018-12-25T18:21:08Z" finished-at="2018-12-25T18:21:41Z">
      <class name="casestudy6.CaseStudyTestAlreadyRegisteredEdurekaUser">
        <test-method status="PASS" signature="launchBrowser()[pri:0, instance:casestudy6.CaseStudyTestAlreadyRegisteredEdurekaUser@9629756]" name="launchBrowser" is-config="true" duration-ms="17015" started-at="2018-12-25T18:21:08Z" finished-at="2018-12-25T18:21:25Z">
          <reporter-output>
          </reporter-output>
        </test-method> <!-- launchBrowser -->
        <test-method status="PASS" signature="testAlreadyRegisteredEdurekaUser()[pri:0, instance:casestudy6.CaseStudyTestAlreadyRegisteredEdurekaUser@9629756]" name="testAlreadyRegisteredEdurekaUser" duration-ms="14431" started-at="2018-12-25T18:21:25Z" finished-at="2018-12-25T18:21:39Z">
          <reporter-output>
          </reporter-output>
        </test-method> <!-- testAlreadyRegisteredEdurekaUser -->
        <test-method status="PASS" signature="closeBrowser()[pri:0, instance:casestudy6.CaseStudyTestAlreadyRegisteredEdurekaUser@9629756]" name="closeBrowser" is-config="true" duration-ms="1924" started-at="2018-12-25T18:21:39Z" finished-at="2018-12-25T18:21:41Z">
          <reporter-output>
          </reporter-output>
        </test-method> <!-- closeBrowser -->
      </class> <!-- casestudy6.CaseStudyTestAlreadyRegisteredEdurekaUser -->
    </test> <!-- Default test -->
  </suite> <!-- Default suite -->
</testng-results>
