<?xml version="1.0" encoding="UTF-8"?>
<!-- Generated by org.testng.reporters.JUnitXMLReporter -->
<testsuite hostname="LAPTOP-SYASA" ignored="0" name="Default test" tests="4" failures="0" timestamp="26 Dec 2018 14:44:39 GMT" time="95.959" errors="0">
  <testcase name="testAlreadyRegisteredEdurekaUser" time="15.133" classname="casestudy6.CaseStudyTestAlreadyRegisteredEdurekaUser"/>
  <testcase name="logInUser" time="13.856" classname="casestudy6.CaseStudyTestAlreadyRegisteredEdurekaUser"/>
  <testcase name="searchAllCourses" time="18.293" classname="casestudy6.CaseStudyTestAlreadyRegisteredEdurekaUser"/>
  <testcase name="logOut" time="17.039" classname="casestudy6.CaseStudyTestAlreadyRegisteredEdurekaUser"/>
</testsuite> <!-- Default test -->
